JVM info: Oracle Corporation - 1.8.0_322 - 25.322-bga
java.net.preferIPv4Stack=true
Found java version 1.8.0_322
Considering minecraft server jar
Downloading minecraft server version 1.8.9
  Downloading library from https://launcher.mojang.com/v1/objects/b58b2ceb36e01bcd8dbf49c8fb66c55a9f0676cd/server.jar
    Download completed: Checksum validated.
Considering library net.minecraftforge:forge:1.8.9-11.15.1.2318-1.8.9: Not Downloading {Wrong Side}
Considering library net.minecraft:launchwrapper:1.12
Downloading library net.minecraft:launchwrapper:1.12
Trying unpacked library net.minecraft:launchwrapper:1.12
Considering library org.ow2.asm:asm-all:5.0.3
Downloading library org.ow2.asm:asm-all:5.0.3
Trying unpacked library org.ow2.asm:asm-all:5.0.3
Considering library jline:jline:2.13
Downloading library jline:jline:2.13
Trying unpacked library jline:jline:2.13
Considering library com.typesafe.akka:akka-actor_2.11:2.3.3
Downloading library com.typesafe.akka:akka-actor_2.11:2.3.3
Trying unpacked library com.typesafe.akka:akka-actor_2.11:2.3.3
Considering library com.typesafe:config:1.2.1
Downloading library com.typesafe:config:1.2.1
Trying unpacked library com.typesafe:config:1.2.1
Considering library org.scala-lang:scala-actors-migration_2.11:1.1.0
Downloading library org.scala-lang:scala-actors-migration_2.11:1.1.0
Trying unpacked library org.scala-lang:scala-actors-migration_2.11:1.1.0
Considering library org.scala-lang:scala-compiler:2.11.1
Downloading library org.scala-lang:scala-compiler:2.11.1
Trying unpacked library org.scala-lang:scala-compiler:2.11.1
Considering library org.scala-lang.plugins:scala-continuations-library_2.11:1.0.2
Downloading library org.scala-lang.plugins:scala-continuations-library_2.11:1.0.2
Trying unpacked library org.scala-lang.plugins:scala-continuations-library_2.11:1.0.2
Considering library org.scala-lang.plugins:scala-continuations-plugin_2.11.1:1.0.2
Downloading library org.scala-lang.plugins:scala-continuations-plugin_2.11.1:1.0.2
Trying unpacked library org.scala-lang.plugins:scala-continuations-plugin_2.11.1:1.0.2
Considering library org.scala-lang:scala-library:2.11.1
Downloading library org.scala-lang:scala-library:2.11.1
Trying unpacked library org.scala-lang:scala-library:2.11.1
Considering library org.scala-lang:scala-parser-combinators_2.11:1.0.1
Downloading library org.scala-lang:scala-parser-combinators_2.11:1.0.1
Trying unpacked library org.scala-lang:scala-parser-combinators_2.11:1.0.1
Considering library org.scala-lang:scala-reflect:2.11.1
Downloading library org.scala-lang:scala-reflect:2.11.1
Trying unpacked library org.scala-lang:scala-reflect:2.11.1
Considering library org.scala-lang:scala-swing_2.11:1.0.1
Downloading library org.scala-lang:scala-swing_2.11:1.0.1
Trying unpacked library org.scala-lang:scala-swing_2.11:1.0.1
Considering library org.scala-lang:scala-xml_2.11:1.0.2
Downloading library org.scala-lang:scala-xml_2.11:1.0.2
Trying unpacked library org.scala-lang:scala-xml_2.11:1.0.2
Considering library lzma:lzma:0.0.1
Downloading library lzma:lzma:0.0.1
Trying unpacked library lzma:lzma:0.0.1
Considering library net.sf.jopt-simple:jopt-simple:4.6
Downloading library net.sf.jopt-simple:jopt-simple:4.6
Trying unpacked library net.sf.jopt-simple:jopt-simple:4.6
Considering library java3d:vecmath:1.5.2
Downloading library java3d:vecmath:1.5.2
Trying unpacked library java3d:vecmath:1.5.2
Considering library net.sf.trove4j:trove4j:3.0.3
Downloading library net.sf.trove4j:trove4j:3.0.3
Trying unpacked library net.sf.trove4j:trove4j:3.0.3
Extracting: /forge-1.8.9-11.15.1.2318-1.8.9-universal.jar
To:          /home/runner/.minecraft/forge-1.8.9-11.15.1.2318-1.8.9-universal.jar
